2024-04-01 17:10:03.843 -06:00 [INF] User profile is available. Using 'C:\Users\INTELEC PC\AppData\Local\ASP.NET\DataProtection-Keys' as key repository and Windows DPAPI to encrypt keys at rest.
2024-04-01 17:10:06.027 -06:00 [INF] Now listening on: https://localhost:7003
2024-04-01 17:10:06.028 -06:00 [INF] Now listening on: http://localhost:5072
2024-04-01 17:10:06.030 -06:00 [INF] Application started. Press Ctrl+C to shut down.
2024-04-01 17:10:06.031 -06:00 [INF] Hosting environment: Development
2024-04-01 17:10:06.031 -06:00 [INF] Content root path: C:\Universidad\Progra Web 2\Proyecto\MVCProyectoNFT\MVCProyectoNFT
2024-04-01 17:10:16.435 -06:00 [INF] Request starting HTTP/2 GET https://localhost:7003/ - null null
2024-04-01 17:10:19.959 -06:00 [INF] Executing endpoint 'MVCProyectoNFT.Controllers.HomeController.Index (MVCProyectoNFT.Web)'
2024-04-01 17:10:20.041 -06:00 [INF] Route matched with {action = "Index", controller = "Home"}. Executing controller action with signature Microsoft.AspNetCore.Mvc.IActionResult Index() on controller MVCProyectoNFT.Controllers.HomeController (MVCProyectoNFT.Web).
2024-04-01 17:10:20.126 -06:00 [INF] Executing action method MVCProyectoNFT.Controllers.HomeController.Index (MVCProyectoNFT.Web) - Validation state: "Valid"
2024-04-01 17:10:20.130 -06:00 [INF] Executed action method MVCProyectoNFT.Controllers.HomeController.Index (MVCProyectoNFT.Web), returned result Microsoft.AspNetCore.Mvc.ViewResult in 0.446ms.
2024-04-01 17:10:20.138 -06:00 [INF] Executing ViewResult, running view Index.
2024-04-01 17:10:20.199 -06:00 [INF] Executed ViewResult - view Index executed in 63.0373ms.
2024-04-01 17:10:20.203 -06:00 [INF] Executed action MVCProyectoNFT.Controllers.HomeController.Index (MVCProyectoNFT.Web) in 160.3675ms
2024-04-01 17:10:20.204 -06:00 [INF] Executed endpoint 'MVCProyectoNFT.Controllers.HomeController.Index (MVCProyectoNFT.Web)'
2024-04-01 17:10:20.205 -06:00 [INF] Request starting HTTP/2 GET https://localhost:7003/lib/bootstrap/dist/css/bootstrap.min.css - null null
2024-04-01 17:10:20.206 -06:00 [INF] Request starting HTTP/2 GET https://localhost:7003/css/site.css?v=vLiD6TU5tzvwEPI_9jbWFhLRr1AII-7l0gExkjI77cI - null null
2024-04-01 17:10:20.207 -06:00 [INF] Request starting HTTP/2 GET https://localhost:7003/lib/bootstrap/dist/js/bootstrap.bundle.min.js - null null
2024-04-01 17:10:20.206 -06:00 [INF] Request starting HTTP/2 GET https://localhost:7003/_framework/aspnetcore-browser-refresh.js - null null
2024-04-01 17:10:20.208 -06:00 [INF] Request starting HTTP/2 GET https://localhost:7003/js/site.js?v=hRQyftXiu1lLX2P9Ly9xa4gHJgLeR1uGN5qegUobtGo - null null
2024-04-01 17:10:20.206 -06:00 [INF] Request starting HTTP/2 GET https://localhost:7003/MVCProyectoNFT.styles.css - null null
2024-04-01 17:10:20.224 -06:00 [INF] The file /js/site.js was not modified
2024-04-01 17:10:20.223 -06:00 [INF] The file /lib/bootstrap/dist/css/bootstrap.min.css was not modified
2024-04-01 17:10:20.223 -06:00 [INF] The file /lib/bootstrap/dist/js/bootstrap.bundle.min.js was not modified
2024-04-01 17:10:20.223 -06:00 [INF] The file /css/site.css was not modified
2024-04-01 17:10:20.221 -06:00 [INF] Request finished HTTP/2 GET https://localhost:7003/ - 200 null text/html; charset=utf-8 3791.9275ms
2024-04-01 17:10:20.233 -06:00 [INF] Request finished HTTP/2 GET https://localhost:7003/js/site.js?v=hRQyftXiu1lLX2P9Ly9xa4gHJgLeR1uGN5qegUobtGo - 304 null text/javascript 24.9394ms
2024-04-01 17:10:20.206 -06:00 [INF] Request starting HTTP/2 GET https://localhost:7003/lib/jquery/dist/jquery.min.js - null null
2024-04-01 17:10:20.215 -06:00 [INF] Request starting HTTP/2 GET https://localhost:7003/_vs/browserLink - null null
2024-04-01 17:10:20.232 -06:00 [INF] Request finished HTTP/2 GET https://localhost:7003/_framework/aspnetcore-browser-refresh.js - 200 13772 application/javascript; charset=utf-8 26.4376ms
2024-04-01 17:10:20.239 -06:00 [INF] Request finished HTTP/2 GET https://localhost:7003/lib/bootstrap/dist/css/bootstrap.min.css - 304 null text/css 31.9711ms
2024-04-01 17:10:20.240 -06:00 [INF] Request finished HTTP/2 GET https://localhost:7003/lib/bootstrap/dist/js/bootstrap.bundle.min.js - 304 null text/javascript 33.0674ms
2024-04-01 17:10:20.240 -06:00 [INF] Request finished HTTP/2 GET https://localhost:7003/css/site.css?v=vLiD6TU5tzvwEPI_9jbWFhLRr1AII-7l0gExkjI77cI - 304 null text/css 34.621ms
2024-04-01 17:10:20.239 -06:00 [INF] Request finished HTTP/2 GET https://localhost:7003/MVCProyectoNFT.styles.css - 404 0 null 33.2553ms
2024-04-01 17:10:20.245 -06:00 [INF] The file /lib/jquery/dist/jquery.min.js was not modified
2024-04-01 17:10:20.259 -06:00 [INF] Request reached the end of the middleware pipeline without being handled by application code. Request path: GET https://localhost:7003/MVCProyectoNFT.styles.css, Response status code: 404
2024-04-01 17:10:20.260 -06:00 [INF] Request finished HTTP/2 GET https://localhost:7003/lib/jquery/dist/jquery.min.js - 304 null text/javascript 53.3931ms
2024-04-01 17:10:20.285 -06:00 [INF] Request finished HTTP/2 GET https://localhost:7003/_vs/browserLink - 200 null text/javascript; charset=UTF-8 70.582ms
2024-04-01 17:10:23.032 -06:00 [INF] Request starting HTTP/2 GET https://localhost:7003/Pais - null null
2024-04-01 17:10:23.055 -06:00 [INF] Executing endpoint 'MVCProyectoNFT.Web.Controllers.PaisController.Index (MVCProyectoNFT.Web)'
2024-04-01 17:10:23.059 -06:00 [INF] Route matched with {action = "Index", controller = "Pais"}. Executing controller action with signature System.Threading.Tasks.Task`1[Microsoft.AspNetCore.Mvc.IActionResult] Index() on controller MVCProyectoNFT.Web.Controllers.PaisController (MVCProyectoNFT.Web).
2024-04-01 17:10:23.328 -06:00 [INF] Executing action method MVCProyectoNFT.Web.Controllers.PaisController.Index (MVCProyectoNFT.Web) - Validation state: "Valid"
2024-04-01 17:10:24.482 -06:00 [INF] Executed DbCommand (25ms) [Parameters=[], CommandType='"Text"', CommandTimeout='30']
SELECT [p].[Id], [p].[Descripcion]
FROM [Pais] AS [p]
2024-04-01 17:10:24.509 -06:00 [INF] Executed action method MVCProyectoNFT.Web.Controllers.PaisController.Index (MVCProyectoNFT.Web), returned result Microsoft.AspNetCore.Mvc.ViewResult in 1180.2315ms.
2024-04-01 17:10:24.512 -06:00 [INF] Executing ViewResult, running view Index.
2024-04-01 17:10:24.525 -06:00 [INF] Executed ViewResult - view Index executed in 13.8218ms.
2024-04-01 17:10:24.526 -06:00 [INF] Executed action MVCProyectoNFT.Web.Controllers.PaisController.Index (MVCProyectoNFT.Web) in 1465.9604ms
2024-04-01 17:10:24.527 -06:00 [INF] Executed endpoint 'MVCProyectoNFT.Web.Controllers.PaisController.Index (MVCProyectoNFT.Web)'
2024-04-01 17:10:24.532 -06:00 [INF] Request finished HTTP/2 GET https://localhost:7003/Pais - 200 null text/html; charset=utf-8 1500.311ms
2024-04-01 17:10:24.536 -06:00 [INF] Request starting HTTP/2 GET https://localhost:7003/MVCProyectoNFT.styles.css - null null
2024-04-01 17:10:24.536 -06:00 [INF] Request starting HTTP/2 GET https://localhost:7003/_framework/aspnetcore-browser-refresh.js - null null
2024-04-01 17:10:24.536 -06:00 [INF] Request starting HTTP/2 GET https://localhost:7003/_vs/browserLink - null null
2024-04-01 17:10:24.538 -06:00 [INF] Request finished HTTP/2 GET https://localhost:7003/MVCProyectoNFT.styles.css - 404 0 null 2.2925ms
2024-04-01 17:10:24.539 -06:00 [INF] Request finished HTTP/2 GET https://localhost:7003/_framework/aspnetcore-browser-refresh.js - 200 13772 application/javascript; charset=utf-8 3.4011ms
2024-04-01 17:10:24.546 -06:00 [INF] Request reached the end of the middleware pipeline without being handled by application code. Request path: GET https://localhost:7003/MVCProyectoNFT.styles.css, Response status code: 404
2024-04-01 17:10:24.549 -06:00 [INF] Request finished HTTP/2 GET https://localhost:7003/_vs/browserLink - 200 null text/javascript; charset=UTF-8 13.1502ms
2024-04-01 17:10:28.223 -06:00 [INF] Request starting HTTP/2 GET https://localhost:7003/Pais/Create - null null
2024-04-01 17:10:28.242 -06:00 [INF] Executing endpoint 'MVCProyectoNFT.Web.Controllers.PaisController.Create (MVCProyectoNFT.Web)'
2024-04-01 17:10:28.244 -06:00 [INF] Route matched with {action = "Create", controller = "Pais"}. Executing controller action with signature Microsoft.AspNetCore.Mvc.IActionResult Create() on controller MVCProyectoNFT.Web.Controllers.PaisController (MVCProyectoNFT.Web).
2024-04-01 17:10:28.258 -06:00 [INF] Executing action method MVCProyectoNFT.Web.Controllers.PaisController.Create (MVCProyectoNFT.Web) - Validation state: "Valid"
2024-04-01 17:10:28.259 -06:00 [INF] Executed action method MVCProyectoNFT.Web.Controllers.PaisController.Create (MVCProyectoNFT.Web), returned result Microsoft.AspNetCore.Mvc.ViewResult in 0.1324ms.
2024-04-01 17:10:28.261 -06:00 [INF] Executing ViewResult, running view Create.
2024-04-01 17:10:28.285 -06:00 [INF] Executed ViewResult - view Create executed in 25.05ms.
2024-04-01 17:10:28.286 -06:00 [INF] Executed action MVCProyectoNFT.Web.Controllers.PaisController.Create (MVCProyectoNFT.Web) in 41.2004ms
2024-04-01 17:10:28.287 -06:00 [INF] Executed endpoint 'MVCProyectoNFT.Web.Controllers.PaisController.Create (MVCProyectoNFT.Web)'
2024-04-01 17:10:28.288 -06:00 [INF] Request finished HTTP/2 GET https://localhost:7003/Pais/Create - 200 null text/html; charset=utf-8 65.0221ms
2024-04-01 17:10:28.294 -06:00 [INF] Request starting HTTP/2 GET https://localhost:7003/MVCProyectoNFT.styles.css - null null
2024-04-01 17:10:28.296 -06:00 [INF] Request starting HTTP/2 GET https://localhost:7003/_framework/aspnetcore-browser-refresh.js - null null
2024-04-01 17:10:28.296 -06:00 [INF] Request finished HTTP/2 GET https://localhost:7003/MVCProyectoNFT.styles.css - 404 0 null 2.3599ms
2024-04-01 17:10:28.297 -06:00 [INF] Request starting HTTP/2 GET https://localhost:7003/lib/jquery-validation-unobtrusive/jquery.validate.unobtrusive.min.js - null null
2024-04-01 17:10:28.297 -06:00 [INF] Request finished HTTP/2 GET https://localhost:7003/_framework/aspnetcore-browser-refresh.js - 200 13772 application/javascript; charset=utf-8 1.6823ms
2024-04-01 17:10:28.298 -06:00 [INF] Request starting HTTP/2 GET https://localhost:7003/lib/jquery-validation/dist/jquery.validate.min.js - null null
2024-04-01 17:10:28.298 -06:00 [INF] Request starting HTTP/2 GET https://localhost:7003/_vs/browserLink - null null
2024-04-01 17:10:28.299 -06:00 [INF] Request reached the end of the middleware pipeline without being handled by application code. Request path: GET https://localhost:7003/MVCProyectoNFT.styles.css, Response status code: 404
2024-04-01 17:10:28.300 -06:00 [INF] The file /lib/jquery-validation-unobtrusive/jquery.validate.unobtrusive.min.js was not modified
2024-04-01 17:10:28.303 -06:00 [INF] The file /lib/jquery-validation/dist/jquery.validate.min.js was not modified
2024-04-01 17:10:28.312 -06:00 [INF] Request finished HTTP/2 GET https://localhost:7003/lib/jquery-validation-unobtrusive/jquery.validate.unobtrusive.min.js - 304 null text/javascript 14.3563ms
2024-04-01 17:10:28.313 -06:00 [INF] Request finished HTTP/2 GET https://localhost:7003/lib/jquery-validation/dist/jquery.validate.min.js - 304 null text/javascript 15.5521ms
2024-04-01 17:10:28.314 -06:00 [INF] Request finished HTTP/2 GET https://localhost:7003/_vs/browserLink - 200 null text/javascript; charset=UTF-8 16.6721ms
2024-04-01 17:10:35.371 -06:00 [INF] Request starting HTTP/2 POST https://localhost:7003/Pais/Create - application/x-www-form-urlencoded 219
2024-04-01 17:10:35.394 -06:00 [INF] Executing endpoint 'MVCProyectoNFT.Web.Controllers.PaisController.Create (MVCProyectoNFT.Web)'
2024-04-01 17:10:35.403 -06:00 [INF] Route matched with {action = "Create", controller = "Pais"}. Executing controller action with signature System.Threading.Tasks.Task`1[Microsoft.AspNetCore.Mvc.IActionResult] Create(MVCProyectoNFT.Application.DTOs.PaisDTO) on controller MVCProyectoNFT.Web.Controllers.PaisController (MVCProyectoNFT.Web).
2024-04-01 17:10:35.436 -06:00 [INF] Executing action method MVCProyectoNFT.Web.Controllers.PaisController.Create (MVCProyectoNFT.Web) - Validation state: "Valid"
2024-04-01 17:10:35.585 -06:00 [INF] Executed DbCommand (20ms) [Parameters=[@p0='789', @p1='XD' (Nullable = false) (Size = 50) (DbType = AnsiString)], CommandType='"Text"', CommandTimeout='30']
SET IMPLICIT_TRANSACTIONS OFF;
SET NOCOUNT ON;
INSERT INTO [Pais] ([Id], [Descripcion])
VALUES (@p0, @p1);
2024-04-01 17:10:35.593 -06:00 [INF] Executed action method MVCProyectoNFT.Web.Controllers.PaisController.Create (MVCProyectoNFT.Web), returned result Microsoft.AspNetCore.Mvc.RedirectToActionResult in 155.779ms.
2024-04-01 17:10:35.594 -06:00 [INF] Executing RedirectResult, redirecting to /Pais.
2024-04-01 17:10:35.595 -06:00 [INF] Executed action MVCProyectoNFT.Web.Controllers.PaisController.Create (MVCProyectoNFT.Web) in 191.046ms
2024-04-01 17:10:35.596 -06:00 [INF] Executed endpoint 'MVCProyectoNFT.Web.Controllers.PaisController.Create (MVCProyectoNFT.Web)'
2024-04-01 17:10:35.597 -06:00 [INF] Request finished HTTP/2 POST https://localhost:7003/Pais/Create - 302 0 null 225.4777ms
2024-04-01 17:10:35.598 -06:00 [INF] Request starting HTTP/2 GET https://localhost:7003/Pais - null null
2024-04-01 17:10:35.614 -06:00 [INF] Executing endpoint 'MVCProyectoNFT.Web.Controllers.PaisController.Index (MVCProyectoNFT.Web)'
2024-04-01 17:10:35.615 -06:00 [INF] Route matched with {action = "Index", controller = "Pais"}. Executing controller action with signature System.Threading.Tasks.Task`1[Microsoft.AspNetCore.Mvc.IActionResult] Index() on controller MVCProyectoNFT.Web.Controllers.PaisController (MVCProyectoNFT.Web).
2024-04-01 17:10:35.627 -06:00 [INF] Executing action method MVCProyectoNFT.Web.Controllers.PaisController.Index (MVCProyectoNFT.Web) - Validation state: "Valid"
2024-04-01 17:10:35.636 -06:00 [INF] Executed DbCommand (1ms) [Parameters=[], CommandType='"Text"', CommandTimeout='30']
SELECT [p].[Id], [p].[Descripcion]
FROM [Pais] AS [p]
2024-04-01 17:10:35.638 -06:00 [INF] Executed action method MVCProyectoNFT.Web.Controllers.PaisController.Index (MVCProyectoNFT.Web), returned result Microsoft.AspNetCore.Mvc.ViewResult in 10.3802ms.
2024-04-01 17:10:35.639 -06:00 [INF] Executing ViewResult, running view Index.
2024-04-01 17:10:35.642 -06:00 [INF] Executed ViewResult - view Index executed in 2.9302ms.
2024-04-01 17:10:35.643 -06:00 [INF] Executed action MVCProyectoNFT.Web.Controllers.PaisController.Index (MVCProyectoNFT.Web) in 27.1615ms
2024-04-01 17:10:35.644 -06:00 [INF] Executed endpoint 'MVCProyectoNFT.Web.Controllers.PaisController.Index (MVCProyectoNFT.Web)'
2024-04-01 17:10:35.645 -06:00 [INF] Request finished HTTP/2 GET https://localhost:7003/Pais - 200 null text/html; charset=utf-8 46.366ms
2024-04-01 17:10:35.652 -06:00 [INF] Request starting HTTP/2 GET https://localhost:7003/MVCProyectoNFT.styles.css - null null
2024-04-01 17:10:35.653 -06:00 [INF] Request starting HTTP/2 GET https://localhost:7003/_framework/aspnetcore-browser-refresh.js - null null
2024-04-01 17:10:35.653 -06:00 [INF] Request starting HTTP/2 GET https://localhost:7003/_vs/browserLink - null null
2024-04-01 17:10:35.654 -06:00 [INF] Request finished HTTP/2 GET https://localhost:7003/MVCProyectoNFT.styles.css - 404 0 null 1.9994ms
2024-04-01 17:10:35.655 -06:00 [INF] Request finished HTTP/2 GET https://localhost:7003/_framework/aspnetcore-browser-refresh.js - 200 13772 application/javascript; charset=utf-8 2.5091ms
2024-04-01 17:10:35.664 -06:00 [INF] Request reached the end of the middleware pipeline without being handled by application code. Request path: GET https://localhost:7003/MVCProyectoNFT.styles.css, Response status code: 404
2024-04-01 17:10:35.667 -06:00 [INF] Request finished HTTP/2 GET https://localhost:7003/_vs/browserLink - 200 null text/javascript; charset=UTF-8 14.1344ms
2024-04-01 22:29:04.802 -06:00 [INF] User profile is available. Using 'C:\Users\INTELEC PC\AppData\Local\ASP.NET\DataProtection-Keys' as key repository and Windows DPAPI to encrypt keys at rest.
2024-04-01 22:29:05.371 -06:00 [INF] Now listening on: https://localhost:7003
2024-04-01 22:29:05.371 -06:00 [INF] Now listening on: http://localhost:5072
2024-04-01 22:29:05.374 -06:00 [INF] Application started. Press Ctrl+C to shut down.
2024-04-01 22:29:05.375 -06:00 [INF] Hosting environment: Development
2024-04-01 22:29:05.376 -06:00 [INF] Content root path: C:\Universidad\Progra Web 2\Proyecto\MVCProyectoNFT\MVCProyectoNFT
2024-04-01 22:29:08.685 -06:00 [INF] Request starting HTTP/2 GET https://localhost:7003/ - null null
2024-04-01 22:29:08.917 -06:00 [INF] Executing endpoint 'MVCProyectoNFT.Controllers.HomeController.Index (MVCProyectoNFT.Web)'
2024-04-01 22:29:08.968 -06:00 [INF] Route matched with {action = "Index", controller = "Home"}. Executing controller action with signature Microsoft.AspNetCore.Mvc.IActionResult Index() on controller MVCProyectoNFT.Controllers.HomeController (MVCProyectoNFT.Web).
2024-04-01 22:29:09.059 -06:00 [INF] Executing action method MVCProyectoNFT.Controllers.HomeController.Index (MVCProyectoNFT.Web) - Validation state: "Valid"
2024-04-01 22:29:09.063 -06:00 [INF] Executed action method MVCProyectoNFT.Controllers.HomeController.Index (MVCProyectoNFT.Web), returned result Microsoft.AspNetCore.Mvc.ViewResult in 0.4302ms.
2024-04-01 22:29:09.069 -06:00 [INF] Executing ViewResult, running view Index.
2024-04-01 22:29:09.122 -06:00 [INF] Executed ViewResult - view Index executed in 54.1767ms.
2024-04-01 22:29:09.126 -06:00 [INF] Executed action MVCProyectoNFT.Controllers.HomeController.Index (MVCProyectoNFT.Web) in 156.4229ms
2024-04-01 22:29:09.127 -06:00 [INF] Executed endpoint 'MVCProyectoNFT.Controllers.HomeController.Index (MVCProyectoNFT.Web)'
2024-04-01 22:29:09.128 -06:00 [INF] Request starting HTTP/2 GET https://localhost:7003/_framework/aspnetcore-browser-refresh.js - null null
2024-04-01 22:29:09.128 -06:00 [INF] Request starting HTTP/2 GET https://localhost:7003/_vs/browserLink - null null
2024-04-01 22:29:09.128 -06:00 [INF] Request starting HTTP/2 GET https://localhost:7003/MVCProyectoNFT.styles.css - null null
2024-04-01 22:29:09.149 -06:00 [INF] Request finished HTTP/2 GET https://localhost:7003/ - 200 null text/html; charset=utf-8 462.7963ms
2024-04-01 22:29:09.149 -06:00 [INF] Request finished HTTP/2 GET https://localhost:7003/_framework/aspnetcore-browser-refresh.js - 200 13772 application/javascript; charset=utf-8 21.5763ms
2024-04-01 22:29:09.155 -06:00 [INF] Request finished HTTP/2 GET https://localhost:7003/MVCProyectoNFT.styles.css - 404 0 null 26.7968ms
2024-04-01 22:29:09.163 -06:00 [INF] Request reached the end of the middleware pipeline without being handled by application code. Request path: GET https://localhost:7003/MVCProyectoNFT.styles.css, Response status code: 404
2024-04-01 22:29:09.187 -06:00 [INF] Request finished HTTP/2 GET https://localhost:7003/_vs/browserLink - 200 null text/javascript; charset=UTF-8 58.338ms
2024-04-01 22:29:15.889 -06:00 [INF] Request starting HTTP/2 GET https://localhost:7003/Pais - null null
2024-04-01 22:29:15.914 -06:00 [INF] Executing endpoint 'MVCProyectoNFT.Web.Controllers.PaisController.Index (MVCProyectoNFT.Web)'
2024-04-01 22:29:15.918 -06:00 [INF] Route matched with {action = "Index", controller = "Pais"}. Executing controller action with signature System.Threading.Tasks.Task`1[Microsoft.AspNetCore.Mvc.IActionResult] Index() on controller MVCProyectoNFT.Web.Controllers.PaisController (MVCProyectoNFT.Web).
2024-04-01 22:29:16.140 -06:00 [INF] Executing action method MVCProyectoNFT.Web.Controllers.PaisController.Index (MVCProyectoNFT.Web) - Validation state: "Valid"
2024-04-01 22:29:16.950 -06:00 [INF] Executed DbCommand (20ms) [Parameters=[], CommandType='"Text"', CommandTimeout='30']
SELECT [p].[Id], [p].[Descripcion]
FROM [Pais] AS [p]
2024-04-01 22:29:16.977 -06:00 [INF] Executed action method MVCProyectoNFT.Web.Controllers.PaisController.Index (MVCProyectoNFT.Web), returned result Microsoft.AspNetCore.Mvc.ViewResult in 836.0325ms.
2024-04-01 22:29:16.980 -06:00 [INF] Executing ViewResult, running view Index.
2024-04-01 22:29:16.993 -06:00 [INF] Executed ViewResult - view Index executed in 13.947ms.
2024-04-01 22:29:16.995 -06:00 [INF] Executed action MVCProyectoNFT.Web.Controllers.PaisController.Index (MVCProyectoNFT.Web) in 1075.2622ms
2024-04-01 22:29:16.995 -06:00 [INF] Executed endpoint 'MVCProyectoNFT.Web.Controllers.PaisController.Index (MVCProyectoNFT.Web)'
2024-04-01 22:29:17.000 -06:00 [INF] Request finished HTTP/2 GET https://localhost:7003/Pais - 200 null text/html; charset=utf-8 1111.5389ms
2024-04-01 22:29:17.009 -06:00 [INF] Request starting HTTP/2 GET https://localhost:7003/MVCProyectoNFT.styles.css - null null
2024-04-01 22:29:17.009 -06:00 [INF] Request starting HTTP/2 GET https://localhost:7003/_framework/aspnetcore-browser-refresh.js - null null
2024-04-01 22:29:17.009 -06:00 [INF] Request starting HTTP/2 GET https://localhost:7003/_vs/browserLink - null null
2024-04-01 22:29:17.011 -06:00 [INF] Request finished HTTP/2 GET https://localhost:7003/MVCProyectoNFT.styles.css - 404 0 null 1.964ms
2024-04-01 22:29:17.012 -06:00 [INF] Request finished HTTP/2 GET https://localhost:7003/_framework/aspnetcore-browser-refresh.js - 200 13772 application/javascript; charset=utf-8 3.3497ms
2024-04-01 22:29:17.019 -06:00 [INF] Request reached the end of the middleware pipeline without being handled by application code. Request path: GET https://localhost:7003/MVCProyectoNFT.styles.css, Response status code: 404
2024-04-01 22:29:17.022 -06:00 [INF] Request finished HTTP/2 GET https://localhost:7003/_vs/browserLink - 200 null text/javascript; charset=UTF-8 13.2229ms
