2024-05-07 21:34:32.835 -06:00 [INF] User profile is available. Using 'C:\Users\INTELEC PC\AppData\Local\ASP.NET\DataProtection-Keys' as key repository and Windows DPAPI to encrypt keys at rest.
2024-05-07 21:34:33.075 -06:00 [INF] Creating key {a678cf95-9aca-4aac-a0de-27bb9809a97a} with creation date 2024-05-08 03:34:33Z, activation date 2024-05-08 03:34:33Z, and expiration date 2024-08-06 03:34:33Z.
2024-05-07 21:34:33.083 -06:00 [INF] Writing data to file 'C:\Users\INTELEC PC\AppData\Local\ASP.NET\DataProtection-Keys\key-a678cf95-9aca-4aac-a0de-27bb9809a97a.xml'.
2024-05-07 21:34:33.251 -06:00 [INF] Now listening on: https://localhost:7003
2024-05-07 21:34:33.252 -06:00 [INF] Now listening on: http://localhost:5072
2024-05-07 21:34:33.254 -06:00 [INF] Application started. Press Ctrl+C to shut down.
2024-05-07 21:34:33.255 -06:00 [INF] Hosting environment: Development
2024-05-07 21:34:33.255 -06:00 [INF] Content root path: C:\Universidad\Progra Web 2\Proyecto\MVCProyectoNFT\MVCProyectoNFT
2024-05-07 21:34:36.343 -06:00 [INF] Request starting HTTP/2 GET https://localhost:7003/ - null null
2024-05-07 21:34:36.566 -06:00 [INF] Executing endpoint 'Electronics.Web.Controllers.LoginController.Index (MVCProyectoNFT.Web)'
2024-05-07 21:34:36.614 -06:00 [INF] Route matched with {action = "Index", controller = "Login"}. Executing controller action with signature Microsoft.AspNetCore.Mvc.IActionResult Index() on controller Electronics.Web.Controllers.LoginController (MVCProyectoNFT.Web).
2024-05-07 21:34:36.922 -06:00 [INF] Executing action method Electronics.Web.Controllers.LoginController.Index (MVCProyectoNFT.Web) - Validation state: "Valid"
2024-05-07 21:34:36.926 -06:00 [INF] Executed action method Electronics.Web.Controllers.LoginController.Index (MVCProyectoNFT.Web), returned result Microsoft.AspNetCore.Mvc.ViewResult in 0.4396ms.
2024-05-07 21:34:36.933 -06:00 [INF] Executing ViewResult, running view Index.
2024-05-07 21:34:37.065 -06:00 [INF] Executed ViewResult - view Index executed in 133.2486ms.
2024-05-07 21:34:37.068 -06:00 [INF] Request starting HTTP/2 GET https://localhost:7003/lib/bootstrap/dist/css/bootstrap.min.css - null null
2024-05-07 21:34:37.069 -06:00 [INF] Executed action Electronics.Web.Controllers.LoginController.Index (MVCProyectoNFT.Web) in 453.5513ms
2024-05-07 21:34:37.070 -06:00 [INF] Request starting HTTP/2 GET https://localhost:7003/images/loginimage.png - null null
2024-05-07 21:34:37.083 -06:00 [INF] Executed endpoint 'Electronics.Web.Controllers.LoginController.Index (MVCProyectoNFT.Web)'
2024-05-07 21:34:37.069 -06:00 [INF] Request starting HTTP/2 GET https://localhost:7003/css/site.css?v=vLiD6TU5tzvwEPI_9jbWFhLRr1AII-7l0gExkjI77cI - null null
2024-05-07 21:34:37.070 -06:00 [INF] Request starting HTTP/2 GET https://localhost:7003/lib/jquery/dist/jquery.min.js - null null
2024-05-07 21:34:37.070 -06:00 [INF] Request starting HTTP/2 GET https://localhost:7003/MVCAjax.styles.css - null null
2024-05-07 21:34:37.083 -06:00 [INF] Request starting HTTP/2 GET https://localhost:7003/js/site.js?v=hRQyftXiu1lLX2P9Ly9xa4gHJgLeR1uGN5qegUobtGo - null null
2024-05-07 21:34:37.083 -06:00 [INF] Request starting HTTP/2 GET https://localhost:7003/lib/bootstrap/dist/js/bootstrap.bundle.min.js - null null
2024-05-07 21:34:37.115 -06:00 [INF] Request finished HTTP/2 GET https://localhost:7003/ - 200 null text/html; charset=utf-8 775.9855ms
2024-05-07 21:34:37.116 -06:00 [INF] Request finished HTTP/2 GET https://localhost:7003/MVCAjax.styles.css - 404 0 null 45.9759ms
2024-05-07 21:34:37.089 -06:00 [INF] Request starting HTTP/2 GET https://localhost:7003/_framework/aspnetcore-browser-refresh.js - null null
2024-05-07 21:34:37.095 -06:00 [INF] Request starting HTTP/2 GET https://localhost:7003/_vs/browserLink - null null
2024-05-07 21:34:37.172 -06:00 [INF] Request reached the end of the middleware pipeline without being handled by application code. Request path: GET https://localhost:7003/MVCAjax.styles.css, Response status code: 404
2024-05-07 21:34:37.174 -06:00 [INF] Sending file. Request path: '/images/loginimage.png'. Physical path: 'C:\Universidad\Progra Web 2\Proyecto\MVCProyectoNFT\MVCProyectoNFT\wwwroot\Images\loginimage.png'
2024-05-07 21:34:37.174 -06:00 [INF] Sending file. Request path: '/css/site.css'. Physical path: 'C:\Universidad\Progra Web 2\Proyecto\MVCProyectoNFT\MVCProyectoNFT\wwwroot\css\site.css'
2024-05-07 21:34:37.176 -06:00 [INF] Request finished HTTP/2 GET https://localhost:7003/_framework/aspnetcore-browser-refresh.js - 200 13772 application/javascript; charset=utf-8 87.2836ms
2024-05-07 21:34:37.177 -06:00 [INF] Request finished HTTP/2 GET https://localhost:7003/images/loginimage.png - 200 26600 image/png 107.1634ms
2024-05-07 21:34:37.179 -06:00 [INF] Request finished HTTP/2 GET https://localhost:7003/css/site.css?v=vLiD6TU5tzvwEPI_9jbWFhLRr1AII-7l0gExkjI77cI - 200 3899 text/css 108.8508ms
2024-05-07 21:34:37.174 -06:00 [INF] Sending file. Request path: '/lib/bootstrap/dist/js/bootstrap.bundle.min.js'. Physical path: 'C:\Universidad\Progra Web 2\Proyecto\MVCProyectoNFT\MVCProyectoNFT\wwwroot\lib\bootstrap\dist\js\bootstrap.bundle.min.js'
2024-05-07 21:34:37.174 -06:00 [INF] Sending file. Request path: '/js/site.js'. Physical path: 'C:\Universidad\Progra Web 2\Proyecto\MVCProyectoNFT\MVCProyectoNFT\wwwroot\js\site.js'
2024-05-07 21:34:37.174 -06:00 [INF] Sending file. Request path: '/lib/bootstrap/dist/css/bootstrap.min.css'. Physical path: 'C:\Universidad\Progra Web 2\Proyecto\MVCProyectoNFT\MVCProyectoNFT\wwwroot\lib\bootstrap\dist\css\bootstrap.min.css'
2024-05-07 21:34:37.188 -06:00 [INF] Request finished HTTP/2 GET https://localhost:7003/lib/bootstrap/dist/js/bootstrap.bundle.min.js - 200 78468 text/javascript 105.1238ms
2024-05-07 21:34:37.189 -06:00 [INF] Request finished HTTP/2 GET https://localhost:7003/js/site.js?v=hRQyftXiu1lLX2P9Ly9xa4gHJgLeR1uGN5qegUobtGo - 200 231 text/javascript 106.2323ms
2024-05-07 21:34:37.190 -06:00 [INF] Request finished HTTP/2 GET https://localhost:7003/lib/bootstrap/dist/css/bootstrap.min.css - 200 162720 text/css 121.8946ms
2024-05-07 21:34:37.174 -06:00 [INF] Sending file. Request path: '/lib/jquery/dist/jquery.min.js'. Physical path: 'C:\Universidad\Progra Web 2\Proyecto\MVCProyectoNFT\MVCProyectoNFT\wwwroot\lib\jquery\dist\jquery.min.js'
2024-05-07 21:34:37.196 -06:00 [INF] Request finished HTTP/2 GET https://localhost:7003/lib/jquery/dist/jquery.min.js - 200 89501 text/javascript 126.3537ms
2024-05-07 21:34:37.210 -06:00 [INF] Request finished HTTP/2 GET https://localhost:7003/_vs/browserLink - 200 null text/javascript; charset=UTF-8 115.6767ms
2024-05-07 21:34:37.435 -06:00 [INF] Request starting HTTP/2 GET https://localhost:7003/favicon.ico - null null
2024-05-07 21:34:37.438 -06:00 [INF] Sending file. Request path: '/favicon.ico'. Physical path: 'C:\Universidad\Progra Web 2\Proyecto\MVCProyectoNFT\MVCProyectoNFT\wwwroot\favicon.ico'
2024-05-07 21:34:37.439 -06:00 [INF] Request finished HTTP/2 GET https://localhost:7003/favicon.ico - 200 5430 image/x-icon 3.95ms
2024-05-07 21:34:44.759 -06:00 [INF] Request starting HTTP/2 POST https://localhost:7003/Login/LogIn - application/x-www-form-urlencoded 209
2024-05-07 21:34:44.816 -06:00 [INF] Executing endpoint 'Electronics.Web.Controllers.LoginController.LogIn (MVCProyectoNFT.Web)'
2024-05-07 21:34:44.824 -06:00 [INF] Route matched with {action = "LogIn", controller = "Login"}. Executing controller action with signature System.Threading.Tasks.Task`1[Microsoft.AspNetCore.Mvc.IActionResult] LogIn(MVCProyectoNFT.Web.ViewModels.ViewModelLogin) on controller Electronics.Web.Controllers.LoginController (MVCProyectoNFT.Web).
2024-05-07 21:34:44.856 -06:00 [INF] Executing action method Electronics.Web.Controllers.LoginController.LogIn (MVCProyectoNFT.Web) - Validation state: "Valid"
2024-05-07 23:08:14.843 -06:00 [INF] User profile is available. Using 'C:\Users\INTELEC PC\AppData\Local\ASP.NET\DataProtection-Keys' as key repository and Windows DPAPI to encrypt keys at rest.
2024-05-07 23:08:15.139 -06:00 [INF] Now listening on: https://localhost:7003
2024-05-07 23:08:15.140 -06:00 [INF] Now listening on: http://localhost:5072
2024-05-07 23:08:15.142 -06:00 [INF] Application started. Press Ctrl+C to shut down.
2024-05-07 23:08:15.142 -06:00 [INF] Hosting environment: Development
2024-05-07 23:08:15.143 -06:00 [INF] Content root path: C:\Universidad\Progra Web 2\Proyecto\MVCProyectoNFT\MVCProyectoNFT
2024-05-07 23:08:17.191 -06:00 [INF] Request starting HTTP/2 GET https://localhost:7003/ - null null
2024-05-07 23:08:17.456 -06:00 [INF] Executing endpoint 'Electronics.Web.Controllers.LoginController.Index (MVCProyectoNFT.Web)'
2024-05-07 23:08:17.515 -06:00 [INF] Route matched with {action = "Index", controller = "Login"}. Executing controller action with signature Microsoft.AspNetCore.Mvc.IActionResult Index() on controller Electronics.Web.Controllers.LoginController (MVCProyectoNFT.Web).
2024-05-07 23:08:18.456 -06:00 [INF] Executing action method Electronics.Web.Controllers.LoginController.Index (MVCProyectoNFT.Web) - Validation state: "Valid"
2024-05-07 23:08:18.460 -06:00 [INF] Executed action method Electronics.Web.Controllers.LoginController.Index (MVCProyectoNFT.Web), returned result Microsoft.AspNetCore.Mvc.ViewResult in 0.4453ms.
2024-05-07 23:08:18.473 -06:00 [INF] Executing ViewResult, running view Index.
2024-05-07 23:08:18.579 -06:00 [INF] Executed ViewResult - view Index executed in 109.3523ms.
2024-05-07 23:08:18.583 -06:00 [INF] Executed action Electronics.Web.Controllers.LoginController.Index (MVCProyectoNFT.Web) in 1065.9899ms
2024-05-07 23:08:18.585 -06:00 [INF] Executed endpoint 'Electronics.Web.Controllers.LoginController.Index (MVCProyectoNFT.Web)'
2024-05-07 23:08:18.590 -06:00 [INF] Request starting HTTP/2 GET https://localhost:7003/MVCAjax.styles.css - null null
2024-05-07 23:08:18.590 -06:00 [INF] Request starting HTTP/2 GET https://localhost:7003/_framework/aspnetcore-browser-refresh.js - null null
2024-05-07 23:08:18.590 -06:00 [INF] Request finished HTTP/2 GET https://localhost:7003/ - 200 null text/html; charset=utf-8 1405.893ms
2024-05-07 23:08:18.592 -06:00 [INF] Request starting HTTP/2 GET https://localhost:7003/_vs/browserLink - null null
2024-05-07 23:08:18.659 -06:00 [INF] Request finished HTTP/2 GET https://localhost:7003/MVCAjax.styles.css - 404 0 null 69.5091ms
2024-05-07 23:08:18.659 -06:00 [INF] Request finished HTTP/2 GET https://localhost:7003/_framework/aspnetcore-browser-refresh.js - 200 13772 application/javascript; charset=utf-8 69.6193ms
2024-05-07 23:08:18.661 -06:00 [INF] Request reached the end of the middleware pipeline without being handled by application code. Request path: GET https://localhost:7003/MVCAjax.styles.css, Response status code: 404
2024-05-07 23:08:19.036 -06:00 [INF] Request finished HTTP/2 GET https://localhost:7003/_vs/browserLink - 200 null text/javascript; charset=UTF-8 444.4911ms
